***[0]***

/->-\        
|   |  /----\
| /-+--+-\  |
| | |  | v  |
\-+-/  \-+--/
  \------/   

2,0; 9,3


***[1]***

/-->\        
|   |  /----\
| /-+--+-\  |
| | |  | |  |
\-+-/  \->--/
  \------/   

3,0; 9,4


***[2]***

/---v        
|   |  /----\
| /-+--+-\  |
| | |  | |  |
\-+-/  \-+>-/
  \------/   

4,0; 10,4


***[3]***

/---\        
|   v  /----\
| /-+--+-\  |
| | |  | |  |
\-+-/  \-+->/
  \------/   

4,1; 11,4


***[4]***

/---\        
|   |  /----\
| /->--+-\  |
| | |  | |  |
\-+-/  \-+--^
  \------/   

4,2; 12,4


***[5]***

/---\        
|   |  /----\
| /-+>-+-\  |
| | |  | |  ^
\-+-/  \-+--/
  \------/   

5,2; 12,3


***[6]***

/---\        
|   |  /----\
| /-+->+-\  ^
| | |  | |  |
\-+-/  \-+--/
  \------/   

6,2; 12,2


***[7]***

/---\        
|   |  /----<
| /-+-->-\  |
| | |  | |  |
\-+-/  \-+--/
  \------/   

12,1; 7,2


***[8]***

/---\        
|   |  /---<\
| /-+--+>\  |
| | |  | |  |
\-+-/  \-+--/
  \------/   

11,1; 8,2


***[9]***

/---\        
|   |  /--<-\
| /-+--+-v  |
| | |  | |  |
\-+-/  \-+--/
  \------/   

10,1; 9,2


***[10]***

/---\        
|   |  /-<--\
| /-+--+-\  |
| | |  | v  |
\-+-/  \-+--/
  \------/   

9,1; 9,3


***[11]***

/---\        
|   |  /<---\
| /-+--+-\  |
| | |  | |  |
\-+-/  \-<--/
  \------/   

8,1; 9,4


***[12]***

/---\        
|   |  v----\
| /-+--+-\  |
| | |  | |  |
\-+-/  \<+--/
  \------/   

7,1; 8,4


***[13]***

/---\        
|   |  /----\
| /-+--v-\  |
| | |  | |  |
\-+-/  ^-+--/
  \------/   

7,2; 7,4


***[14]***

/---\        
|   |  /----\
| /-+--+-\  |
| | |  X |  |
\-+-/  \-+--/
  \------/   

7,3; 7,3


